Jenkins build #94

Compilation failure: 
05:42:24 [[1;31mERROR[m] /home/ec2-user/.jenkins/workspace/HOMES/ProfileComposite/src/main/java/com/revature/application/controller/ProfileCompositeController.java:[3,24] package javax.ws.rs.core does not exist
05:42:24 [[1;31mERROR[m] /home/ec2-user/.jenkins/workspace/HOMES/ProfileComposite/src/main/java/com/revature/application/controller/ProfileCompositeController.java:[7,23] package com.google.gson does not exist
05:42:24 [[1;31mERROR[m] /home/ec2-user/.jenkins/workspace/HOMES/ProfileComposite/src/main/java/com/revature/application/controller/ProfileCompositeController.java:[8,23] package com.google.gson does not exist
05:42:24 [[1;31mERROR[m] /home/ec2-user/.jenkins/workspace/HOMES/ProfileComposite/src/main/java/com/revature/application/controller/ProfileCompositeController.java:[10,33] package com.sun.jersey.api.client does not exist
05:42:24 [[1;31mERROR[m] /home/ec2-user/.jenkins/workspace/HOMES/ProfileComposite/src/main/java/com/revature/application/controller/ProfileCompositeController.java:[11,33] package com.sun.jersey.api.client does not exist
05:42:24 [[1;31mERROR[m] /home/ec2-user/.jenkins/workspace/HOMES/ProfileComposite/src/main/java/com/revature/application/controller/ProfileCompositeController.java:[32,17] cannot find symbol
05:42:24 [[1;31mERROR[m]   symbol:   class JsonObject
05:42:24 [[1;31mERROR[m]   location: class com.revature.application.controller.ProfileCompositeController
05:42:24 [[1;31mERROR[m] /home/ec2-user/.jenkins/workspace/HOMES/ProfileComposite/src/main/java/com/revature/application/controller/ProfileCompositeController.java:[19,17] cannot find symbol
05:42:24 [[1;31mERROR[m]   symbol:   class JsonObject
05:42:24 [[1;31mERROR[m]   location: class com.revature.application.controller.ProfileCompositeController
05:42:24 [[1;31mERROR[m] /home/ec2-user/.jenkins/workspace/HOMES/ProfileComposite/src/main/java/com/revature/application/controller/ProfileCompositeController.java:[20,17] cannot find symbol
05:42:24 [[1;31mERROR[m]   symbol:   class JsonObject
05:42:24 [[1;31mERROR[m]   location: class com.revature.application.controller.ProfileCompositeController
05:42:24 [[1;31mERROR[m] /home/ec2-user/.jenkins/workspace/HOMES/ProfileComposite/src/main/java/com/revature/application/controller/ProfileCompositeController.java:[21,17] cannot find symbol
05:42:24 [[1;31mERROR[m]   symbol:   class JsonObject
05:42:24 [[1;31mERROR[m]   location: class com.revature.application.controller.ProfileCompositeController
05:42:24 [[1;31mERROR[m] /home/ec2-user/.jenkins/workspace/HOMES/ProfileComposite/src/main/java/com/revature/application/controller/ProfileCompositeController.java:[33,17] cannot find symbol
05:42:24 [[1;31mERROR[m]   symbol:   class Client
05:42:24 [[1;31mERROR[m]   location: class com.revature.application.controller.ProfileCompositeController
05:42:24 [[1;31mERROR[m] /home/ec2-user/.jenkins/workspace/HOMES/ProfileComposite/src/main/java/com/revature/application/controller/ProfileCompositeController.java:[33,33] cannot find symbol
05:42:24 [[1;31mERROR[m]   symbol:   variable Client
05:42:24 [[1;31mERROR[m]   location: class com.revature.application.controller.ProfileCompositeController
05:42:24 [[1;31mERROR[m] /home/ec2-user/.jenkins/workspace/HOMES/ProfileComposite/src/main/java/com/revature/application/controller/ProfileCompositeController.java:[34,17] cannot find symbol
05:42:24 [[1;31mERROR[m]   symbol:   class WebResource
05:42:24 [[1;31mERROR[m]   location: class com.revature.application.controller.ProfileCompositeController
05:42:24 [[1;31mERROR[m] /home/ec2-user/.jenkins/workspace/HOMES/ProfileComposite/src/main/java/com/revature/application/controller/ProfileCompositeController.java:[35,52] cannot find symbol
05:42:24 [[1;31mERROR[m]   symbol:   variable MediaType
05:42:24 [[1;31mERROR[m]   location: class com.revature.application.controller.ProfileCompositeController
05:42:24 [[1;31mERROR[m] /home/ec2-user/.jenkins/workspace/HOMES/ProfileComposite/src/main/java/com/revature/application/controller/ProfileCompositeController.java:[36,28] cannot find symbol
05:42:24 [[1;31mERROR[m]   symbol:   class JsonParser
05:42:24 [[1;31mERROR[m]   location: class com.revature.application.controller.ProfileCompositeController